kotlin version: 2.3.20
error message: java.lang.RuntimeException: Exception while generating code for:
FUN name:loadSystemData visibility:public modality:FINAL returnType:kotlin.Unit
  VALUE_PARAMETER kind:DispatchReceiver name:<this> index:0 type:com.m57.hermescontrol.ui.system.SystemViewModel
  BLOCK_BODY
    CALL 'public final fun safeLaunchLoad <T> (<this>: androidx.lifecycle.ViewModel, apiCall: kotlin.coroutines.SuspendFunction0<com.m57.hermescontrol.data.remote.NetworkResult<T of com.m57.hermescontrol.ui.common.ViewModelExtKt.safeLaunchLoad>>, onStart: kotlin.Function0<kotlin.Unit>, onSuccess: kotlin.Function1<T of com.m57.hermescontrol.ui.common.ViewModelExtKt.safeLaunchLoad, kotlin.Unit>, onError: kotlin.Function1<kotlin.String, kotlin.Unit>): kotlin.Unit [inline] declared in com.m57.hermescontrol.ui.common.ViewModelExtKt' type=kotlin.Unit origin=null
      TYPE_ARG T: com.m57.hermescontrol.data.model.SystemStatsResponse
      ARG <this>: GET_VAR '<this>: com.m57.hermescontrol.ui.system.SystemViewModel declared in com.m57.hermescontrol.ui.system.SystemViewModel.loadSystemData' type=com.m57.hermescontrol.ui.system.SystemViewModel origin=IMPLICIT_ARGUMENT
      ARG apiCall: RICH_FUNCTION_REFERENCE type=kotlin.coroutines.SuspendFunction0<com.m57.hermescontrol.data.remote.NetworkResult<com.m57.hermescontrol.data.model.SystemStatsResponse>> origin=INLINE_LAMBDA reflectionTarget='null'
        overriddenFunctionSymbol: public abstract fun invoke (): R of kotlin.coroutines.SuspendFunction0 [suspend,operator] declared in kotlin.coroutines.SuspendFunction0
        invoke: FUN INLINE_LAMBDA name:loadSystemData$lambda$0 visibility:private modality:FINAL returnType:kotlin.Any? [suspend]
          VALUE_PARAMETER CONTINUATION_CLASS kind:Regular name:$completion index:0 type:kotlin.coroutines.Continuation<com.m57.hermescontrol.data.remote.NetworkResult<com.m57.hermescontrol.data.model.SystemStatsResponse>>
          BLOCK_BODY
            VAR name:$i$a$-safeLaunchLoad-SystemViewModel$loadSystemData$1 type:kotlin.Int [val]
              CONST Int type=kotlin.Int value=0
            RETURN type=kotlin.Nothing from='private final fun loadSystemData$lambda$0 ($completion: kotlin.coroutines.Continuation<com.m57.hermescontrol.data.remote.NetworkResult<com.m57.hermescontrol.data.model.SystemStatsResponse>>): kotlin.Any? [suspend] declared in com.m57.hermescontrol.ui.system.SystemViewModel.loadSystemData'
              TYPE_OP type=com.m57.hermescontrol.data.remote.NetworkResult<com.m57.hermescontrol.data.model.SystemStatsResponse> origin=IMPLICIT_CAST typeOperand=com.m57.hermescontrol.data.remote.NetworkResult<com.m57.hermescontrol.data.model.SystemStatsResponse>
                CALL 'public final fun safeApiCall$default <T> (retries: kotlin.Int, call: kotlin.coroutines.SuspendFunction0<retrofit2.Response<T of com.m57.hermescontrol.data.remote.NetworkResultKt.safeApiCall$default>>, $completion: kotlin.coroutines.Continuation<com.m57.hermescontrol.data.remote.NetworkResult<T of com.m57.hermescontrol.data.remote.NetworkResultKt.safeApiCall$default>>, $mask0: kotlin.Int, $handler: kotlin.Any?): kotlin.Any? [inline,suspend] declared in com.m57.hermescontrol.data.remote.NetworkResultKt' type=com.m57.hermescontrol.data.remote.NetworkResult<T of com.m57.hermescontrol.data.remote.NetworkResultKt.safeApiCall$default> origin=DEFAULT_DISPATCH_CALL
                  TYPE_ARG T: com.m57.hermescontrol.data.model.SystemStatsResponse
                  ARG retries: COMPOSITE type=kotlin.Int origin=DEFAULT_VALUE
                    CONST Int type=kotlin.Int value=0
                  ARG call: RICH_FUNCTION_REFERENCE type=kotlin.coroutines.SuspendFunction0<retrofit2.Response<com.m57.hermescontrol.data.model.SystemStatsResponse>> origin=INLINE_LAMBDA reflectionTarget='null'
                    overriddenFunctionSymbol: public abstract fun invoke (): R of kotlin.coroutines.SuspendFunction0 [suspend,operator] declared in kotlin.coroutines.SuspendFunction0
                    invoke: FUN INLINE_LAMBDA name:loadSystemData$lambda$0$0 visibility:private modality:FINAL returnType:kotlin.Any? [suspend]
                      VALUE_PARAMETER CONTINUATION_CLASS kind:Regular name:$completion index:0 type:kotlin.coroutines.Continuation<retrofit2.Response<com.m57.hermescontrol.data.model.SystemStatsResponse>>
                      BLOCK_BODY
                        VAR name:$i$a$-safeApiCall$default-SystemViewModel$loadSystemData$1$1 type:kotlin.Int [val]
                          CONST Int type=kotlin.Int value=0
                        RETURN type=kotlin.Nothing from='private final fun loadSystemData$lambda$0$0 ($completion: kotlin.coroutines.Continuation<retrofit2.Response<com.m57.hermescontrol.data.model.SystemStatsResponse>>): kotlin.Any? [suspend] declared in com.m57.hermescontrol.ui.system.SystemViewModel.loadSystemData.loadSystemData$lambda$0'
                          CALL 'public abstract fun getSystemStats ($completion: kotlin.coroutines.Continuation<retrofit2.Response<com.m57.hermescontrol.data.model.SystemStatsResponse>>): kotlin.Any? [suspend] declared in com.m57.hermescontrol.data.remote.HermesApiService' type=retrofit2.Response<com.m57.hermescontrol.data.model.SystemStatsResponse> origin=null
                            ARG <this>: CALL 'public final fun <get-hermesApi> (): com.m57.hermescontrol.data.remote.HermesApiService declared in com.m57.hermescontrol.data.remote.ApiClient' type=com.m57.hermescontrol.data.remote.HermesApiService origin=GET_PROPERTY
                              ARG <this>: GET_FIELD 'FIELD FIELD_FOR_OBJECT_INSTANCE name:INSTANCE type:com.m57.hermescontrol.data.remote.ApiClient visibility:public [final,static] declared in com.m57.hermescontrol.data.remote.ApiClient' type=com.m57.hermescontrol.data.remote.ApiClient origin=null
                            ARG $completion: COMPOSITE type=kotlin.coroutines.Continuation<retrofit2.Response<com.m57.hermescontrol.data.model.SystemStatsResponse>> origin=FAKE_CONTINUATION
                  ARG $completion: COMPOSITE type=kotlin.coroutines.Continuation<com.m57.hermescontrol.data.remote.NetworkResult<T of com.m57.hermescontrol.data.remote.NetworkResultKt.safeApiCall$default>> origin=FAKE_CONTINUATION
                  ARG $mask0: CONST Int type=kotlin.Int value=1
                  ARG $handler: CONST Null type=kotlin.Any? value=null
      ARG onStart: RICH_FUNCTION_REFERENCE type=kotlin.Function0<kotlin.Unit> origin=INLINE_LAMBDA reflectionTarget='null'
        overriddenFunctionSymbol: public abstract fun invoke (): R of kotlin.Function0 [operator] declared in kotlin.Function0
        bound this$0: GET_VAR '<this>: com.m57.hermescontrol.ui.system.SystemViewModel declared in com.m57.hermescontrol.ui.system.SystemViewModel.loadSystemData' type=com.m57.hermescontrol.ui.system.SystemViewModel origin=null
        invoke: FUN INLINE_LAMBDA name:loadSystemData$lambda$1 visibility:private modality:FINAL returnType:kotlin.Unit
          VALUE_PARAMETER BOUND_VALUE_PARAMETER kind:Regular name:this$0 index:0 type:com.m57.hermescontrol.ui.system.SystemViewModel
          BLOCK_BODY
            VAR name:$i$a$-safeLaunchLoad-SystemViewModel$loadSystemData$2 type:kotlin.Int [val]
              CONST Int type=kotlin.Int value=0
            CALL 'public final fun update <T> (<this>: kotlinx.coroutines.flow.MutableStateFlow<T of kotlinx.coroutines.flow.StateFlowKt.update>, function: kotlin.Function1<T of kotlinx.coroutines.flow.StateFlowKt.update, T of kotlinx.coroutines.flow.StateFlowKt.update>): kotlin.Unit [inline] declared in kotlinx.coroutines.flow.StateFlowKt' type=kotlin.Unit origin=null
              TYPE_ARG T: com.m57.hermescontrol.ui.system.SystemUiState
              ARG <this>: CALL 'public final fun access$get_uiState$p ($this: com.m57.hermescontrol.ui.system.SystemViewModel): kotlinx.coroutines.flow.MutableStateFlow<com.m57.hermescontrol.ui.system.SystemUiState> declared in com.m57.hermescontrol.ui.system.SystemViewModel' type=kotlinx.coroutines.flow.MutableStateFlow<com.m57.hermescontrol.ui.system.SystemUiState> origin=null
                ARG $this: GET_VAR 'this$0: com.m57.hermescontrol.ui.system.SystemViewModel declared in com.m57.hermescontrol.ui.system.SystemViewModel.loadSystemData.loadSystemData$lambda$1' type=com.m57.hermescontrol.ui.system.SystemViewModel origin=null
              ARG function: RICH_FUNCTION_REFERENCE type=kotlin.Function1<com.m57.hermescontrol.ui.system.SystemUiState, com.m57.hermescontrol.ui.system.SystemUiState> origin=INLINE_LAMBDA reflectionTarget='null'
                overriddenFunctionSymbol: public abstract fun invoke (p1: P1 of kotlin.Function1): R of kotlin.Function1 [operator] declared in kotlin.Function1
                invoke: FUN INLINE_LAMBDA name:loadSystemData$lambda$1$0 visibility:private modality:FINAL returnType:com.m57.hermescontrol.ui.system.SystemUiState
                  VALUE_PARAMETER kind:Regular name:it index:0 type:com.m57.hermescontrol.ui.system.SystemUiState
                  BLOCK_BODY
                    VAR name:$i$a$-update-SystemViewModel$loadSystemData$2$1 type:kotlin.Int [val]
                      CONST Int type=kotlin.Int value=0
                    RETURN type=kotlin.Nothing from='private final fun loadSystemData$lambda$1$0 (it: com.m57.hermescontrol.ui.system.SystemUiState): com.m57.hermescontrol.ui.system.SystemUiState declared in com.m57.hermescontrol.ui.system.SystemViewModel.loadSystemData.loadSystemData$lambda$1'
                      CALL 'public final fun copy$default ($this: com.m57.hermescontrol.ui.system.SystemUiState, isLoading: kotlin.Boolean, stats: com.m57.hermescontrol.data.model.SystemStatsResponse?, doctorReport: com.m57.hermescontrol.data.model.DoctorResponse?, errorMessage: kotlin.String?, toastMessage: kotlin.String?, $mask0: kotlin.Int, $handler: kotlin.Any?): com.m57.hermescontrol.ui.system.SystemUiState declared in com.m57.hermescontrol.ui.system.SystemUiState' type=com.m57.hermescontrol.ui.system.SystemUiState origin=DEFAULT_DISPATCH_CALL
                        ARG $this: GET_VAR 'it: com.m57.hermescontrol.ui.system.SystemUiState declared in com.m57.hermescontrol.ui.system.SystemViewModel.loadSystemData.loadSystemData$lambda$1.loadSystemData$lambda$1$0' type=com.m57.hermescontrol.ui.system.SystemUiState origin=null
                        ARG isLoading: CONST Boolean type=kotlin.Boolean value=true
                        ARG stats: COMPOSITE type=com.m57.hermescontrol.data.model.SystemStatsResponse? origin=DEFAULT_VALUE
                          CONST Null type=com.m57.hermescontrol.data.model.SystemStatsResponse? value=null
                        ARG doctorReport: COMPOSITE type=com.m57.hermescontrol.data.model.DoctorResponse? origin=DEFAULT_VALUE
                          CONST Null type=com.m57.hermescontrol.data.model.DoctorResponse? value=null
                        ARG errorMessage: CONST Null type=kotlin.Nothing? value=null
                        ARG toastMessage: COMPOSITE type=kotlin.String? origin=DEFAULT_VALUE
                          CONST Null type=kotlin.String? value=null
                        ARG $mask0: CONST Int type=kotlin.Int value=22
                        ARG $handler: CONST Null type=kotlin.Any? value=null
      ARG onSuccess: RICH_FUNCTION_REFERENCE type=kotlin.Function1<com.m57.hermescontrol.data.model.SystemStatsResponse, kotlin.Unit> origin=INLINE_LAMBDA reflectionTarget='null'
        overriddenFunctionSymbol: public abstract fun invoke (p1: P1 of kotlin.Function1): R of kotlin.Function1 [operator] declared in kotlin.Function1
        bound this$0: GET_VAR '<this>: com.m57.hermescontrol.ui.system.SystemViewModel declared in com.m57.hermescontrol.ui.system.SystemViewModel.loadSystemData' type=com.m57.hermescontrol.ui.system.SystemViewModel origin=null
        invoke: FUN INLINE_LAMBDA name:loadSystemData$lambda$2 visibility:private modality:FINAL returnType:kotlin.Unit
          VALUE_PARAMETER BOUND_VALUE_PARAMETER kind:Regular name:this$0 index:0 type:com.m57.hermescontrol.ui.system.SystemViewModel
          VALUE_PARAMETER kind:Regular name:data index:1 type:com.m57.hermescontrol.data.model.SystemStatsResponse
          BLOCK_BODY
            VAR name:$i$a$-safeLaunchLoad-SystemViewModel$loadSystemData$3 type:kotlin.Int [val]
              CONST Int type=kotlin.Int value=0
            CALL 'public final fun update <T> (<this>: kotlinx.coroutines.flow.MutableStateFlow<T of kotlinx.coroutines.flow.StateFlowKt.update>, function: kotlin.Function1<T of kotlinx.coroutines.flow.StateFlowKt.update, T of kotlinx.coroutines.flow.StateFlowKt.update>): kotlin.Unit [inline] declared in kotlinx.coroutines.flow.StateFlowKt' type=kotlin.Unit origin=null
              TYPE_ARG T: com.m57.hermescontrol.ui.system.SystemUiState
              ARG <this>: CALL 'public final fun access$get_uiState$p ($this: com.m57.hermescontrol.ui.system.SystemViewModel): kotlinx.coroutines.flow.MutableStateFlow<com.m57.hermescontrol.ui.system.SystemUiState> declared in com.m57.hermescontrol.ui.system.SystemViewModel' type=kotlinx.coroutines.flow.MutableStateFlow<com.m57.hermescontrol.ui.system.SystemUiState> origin=null
                ARG $this: GET_VAR 'this$0: com.m57.hermescontrol.ui.system.SystemViewModel declared in com.m57.hermescontrol.ui.system.SystemViewModel.loadSystemData.loadSystemData$lambda$2' type=com.m57.hermescontrol.ui.system.SystemViewModel origin=null
              ARG function: RICH_FUNCTION_REFERENCE type=kotlin.Function1<com.m57.hermescontrol.ui.system.SystemUiState, com.m57.hermescontrol.ui.system.SystemUiState> origin=INLINE_LAMBDA reflectionTarget='null'
                overriddenFunctionSymbol: public abstract fun invoke (p1: P1 of kotlin.Function1): R of kotlin.Function1 [operator] declared in kotlin.Function1
                bound $data: GET_VAR 'data: com.m57.hermescontrol.data.model.SystemStatsResponse declared in com.m57.hermescontrol.ui.system.SystemViewModel.loadSystemData.loadSystemData$lambda$2' type=com.m57.hermescontrol.data.model.SystemStatsResponse origin=null
                invoke: FUN INLINE_LAMBDA name:loadSystemData$lambda$2$0 visibility:private modality:FINAL returnType:com.m57.hermescontrol.ui.system.SystemUiState
                  VALUE_PARAMETER BOUND_VALUE_PARAMETER kind:Regular name:$data index:0 type:com.m57.hermescontrol.data.model.SystemStatsResponse
                  VALUE_PARAMETER kind:Regular name:it index:1 type:com.m57.hermescontrol.ui.system.SystemUiState
                  BLOCK_BODY
                    VAR name:$i$a$-update-SystemViewModel$loadSystemData$3$1 type:kotlin.Int [val]
                      CONST Int type=kotlin.Int value=0
                    RETURN type=kotlin.Nothing from='private final fun loadSystemData$lambda$2$0 ($data: com.m57.hermescontrol.data.model.SystemStatsResponse, it: com.m57.hermescontrol.ui.system.SystemUiState): com.m57.hermescontrol.ui.system.SystemUiState declared in com.m57.hermescontrol.ui.system.SystemViewModel.loadSystemData.loadSystemData$lambda$2'
                      CALL 'public final fun copy$default ($this: com.m57.hermescontrol.ui.system.SystemUiState, isLoading: kotlin.Boolean, stats: com.m57.hermescontrol.data.model.SystemStatsResponse?, doctorReport: com.m57.hermescontrol.data.model.DoctorResponse?, errorMessage: kotlin.String?, toastMessage: kotlin.String?, $mask0: kotlin.Int, $handler: kotlin.Any?): com.m57.hermescontrol.ui.system.SystemUiState declared in com.m57.hermescontrol.ui.system.SystemUiState' type=com.m57.hermescontrol.ui.system.SystemUiState origin=DEFAULT_DISPATCH_CALL
                        ARG $this: GET_VAR 'it: com.m57.hermescontrol.ui.system.SystemUiState declared in com.m57.hermescontrol.ui.system.SystemViewModel.loadSystemData.loadSystemData$lambda$2.loadSystemData$lambda$2$0' type=com.m57.hermescontrol.ui.system.SystemUiState origin=null
                        ARG isLoading: CONST Boolean type=kotlin.Boolean value=false
                        ARG stats: GET_VAR '$data: com.m57.hermescontrol.data.model.SystemStatsResponse declared in com.m57.hermescontrol.ui.system.SystemViewModel.loadSystemData.loadSystemData$lambda$2.loadSystemData$lambda$2$0' type=com.m57.hermescontrol.data.model.SystemStatsResponse origin=null
                        ARG doctorReport: COMPOSITE type=com.m57.hermescontrol.data.model.DoctorResponse? origin=DEFAULT_VALUE
                          CONST Null type=com.m57.hermescontrol.data.model.DoctorResponse? value=null
                        ARG errorMessage: COMPOSITE type=kotlin.String? origin=DEFAULT_VALUE
                          CONST Null type=kotlin.String? value=null
                        ARG toastMessage: COMPOSITE type=kotlin.String? origin=DEFAULT_VALUE
                          CONST Null type=kotlin.String? value=null
                        ARG $mask0: CONST Int type=kotlin.Int value=28
                        ARG $handler: CONST Null type=kotlin.Any? value=null
            CALL 'public final fun access$loadDoctorReport ($this: com.m57.hermescontrol.ui.system.SystemViewModel): kotlin.Unit declared in com.m57.hermescontrol.ui.system.SystemViewModel' type=kotlin.Unit origin=null
              ARG $this: GET_VAR 'this$0: com.m57.hermescontrol.ui.system.SystemViewModel declared in com.m57.hermescontrol.ui.system.SystemViewModel.loadSystemData.loadSystemData$lambda$2' type=com.m57.hermescontrol.ui.system.SystemViewModel origin=null
      ARG onError: RICH_FUNCTION_REFERENCE type=kotlin.Function1<kotlin.String, kotlin.Unit> origin=INLINE_LAMBDA reflectionTarget='null'
        overriddenFunctionSymbol: public abstract fun invoke (p1: P1 of kotlin.Function1): R of kotlin.Function1 [operator] declared in kotlin.Function1
        bound this$0: GET_VAR '<this>: com.m57.hermescontrol.ui.system.SystemViewModel declared in com.m57.hermescontrol.ui.system.SystemViewModel.loadSystemData' type=com.m57.hermescontrol.ui.system.SystemViewModel origin=null
        invoke: FUN INLINE_LAMBDA name:loadSystemData$lambda$3 visibility:private modality:FINAL returnType:kotlin.Unit
          VALUE_PARAMETER BOUND_VALUE_PARAMETER kind:Regular name:this$0 index:0 type:com.m57.hermescontrol.ui.system.SystemViewModel
          VALUE_PARAMETER kind:Regular name:errorMsg index:1 type:kotlin.String
          BLOCK_BODY
            VAR name:$i$a$-safeLaunchLoad-SystemViewModel$loadSystemData$4 type:kotlin.Int [val]
              CONST Int type=kotlin.Int value=0
            CALL 'public final fun update <T> (<this>: kotlinx.coroutines.flow.MutableStateFlow<T of kotlinx.coroutines.flow.StateFlowKt.update>, function: kotlin.Function1<T of kotlinx.coroutines.flow.StateFlowKt.update, T of kotlinx.coroutines.flow.StateFlowKt.update>): kotlin.Unit [inline] declared in kotlinx.coroutines.flow.StateFlowKt' type=kotlin.Unit origin=null
              TYPE_ARG T: com.m57.hermescontrol.ui.system.SystemUiState
              ARG <this>: CALL 'public final fun access$get_uiState$p ($this: com.m57.hermescontrol.ui.system.SystemViewModel): kotlinx.coroutines.flow.MutableStateFlow<com.m57.hermescontrol.ui.system.SystemUiState> declared in com.m57.hermescontrol.ui.system.SystemViewModel' type=kotlinx.coroutines.flow.MutableStateFlow<com.m57.hermescontrol.ui.system.SystemUiState> origin=null
                ARG $this: GET_VAR 'this$0: com.m57.hermescontrol.ui.system.SystemViewModel declared in com.m57.hermescontrol.ui.system.SystemViewModel.loadSystemData.loadSystemData$lambda$3' type=com.m57.hermescontrol.ui.system.SystemViewModel origin=null
              ARG function: RICH_FUNCTION_REFERENCE type=kotlin.Function1<com.m57.hermescontrol.ui.system.SystemUiState, com.m57.hermescontrol.ui.system.SystemUiState> origin=INLINE_LAMBDA reflectionTarget='null'
                overriddenFunctionSymbol: public abstract fun invoke (p1: P1 of kotlin.Function1): R of kotlin.Function1 [operator] declared in kotlin.Function1
                bound $errorMsg: GET_VAR 'errorMsg: kotlin.String declared in com.m57.hermescontrol.ui.system.SystemViewModel.loadSystemData.loadSystemData$lambda$3' type=kotlin.String origin=null
                invoke: FUN INLINE_LAMBDA name:loadSystemData$lambda$3$0 visibility:private modality:FINAL returnType:com.m57.hermescontrol.ui.system.SystemUiState
                  VALUE_PARAMETER BOUND_VALUE_PARAMETER kind:Regular name:$errorMsg index:0 type:kotlin.String
                  VALUE_PARAMETER kind:Regular name:it index:1 type:com.m57.hermescontrol.ui.system.SystemUiState
                  BLOCK_BODY
                    VAR name:$i$a$-update-SystemViewModel$loadSystemData$4$1 type:kotlin.Int [val]
                      CONST Int type=kotlin.Int value=0
                    RETURN type=kotlin.Nothing from='private final fun loadSystemData$lambda$3$0 ($errorMsg: kotlin.String, it: com.m57.hermescontrol.ui.system.SystemUiState): com.m57.hermescontrol.ui.system.SystemUiState declared in com.m57.hermescontrol.ui.system.SystemViewModel.loadSystemData.loadSystemData$lambda$3'
                      CALL 'public final fun copy$default ($this: com.m57.hermescontrol.ui.system.SystemUiState, isLoading: kotlin.Boolean, stats: com.m57.hermescontrol.data.model.SystemStatsResponse?, doctorReport: com.m57.hermescontrol.data.model.DoctorResponse?, errorMessage: kotlin.String?, toastMessage: kotlin.String?, $mask0: kotlin.Int, $handler: kotlin.Any?): com.m57.hermescontrol.ui.system.SystemUiState declared in com.m57.hermescontrol.ui.system.SystemUiState' type=com.m57.hermescontrol.ui.system.SystemUiState origin=DEFAULT_DISPATCH_CALL
                        ARG $this: GET_VAR 'it: com.m57.hermescontrol.ui.system.SystemUiState declared in com.m57.hermescontrol.ui.system.SystemViewModel.loadSystemData.loadSystemData$lambda$3.loadSystemData$lambda$3$0' type=com.m57.hermescontrol.ui.system.SystemUiState origin=null
                        ARG isLoading: CONST Boolean type=kotlin.Boolean value=false
                        ARG stats: COMPOSITE type=com.m57.hermescontrol.data.model.SystemStatsResponse? origin=DEFAULT_VALUE
                          CONST Null type=com.m57.hermescontrol.data.model.SystemStatsResponse? value=null
                        ARG doctorReport: COMPOSITE type=com.m57.hermescontrol.data.model.DoctorResponse? origin=DEFAULT_VALUE
                          CONST Null type=com.m57.hermescontrol.data.model.DoctorResponse? value=null
                        ARG errorMessage: STRING_CONCATENATION type=kotlin.String
                          CONST String type=kotlin.String value="Failed to load system stats: "
                          GET_VAR '$errorMsg: kotlin.String declared in com.m57.hermescontrol.ui.system.SystemViewModel.loadSystemData.loadSystemData$lambda$3.loadSystemData$lambda$3$0' type=kotlin.String origin=null
                        ARG toastMessage: COMPOSITE type=kotlin.String? origin=DEFAULT_VALUE
                          CONST Null type=kotlin.String? value=null
                        ARG $mask0: CONST Int type=kotlin.Int value=22
                        ARG $handler: CONST Null type=kotlin.Any? value=null

	at org.jetbrains.kotlin.backend.jvm.codegen.FunctionCodegen.generate(FunctionCodegen.kt:57)
	at org.jetbrains.kotlin.backend.jvm.codegen.FunctionCodegen.generate$default(FunctionCodegen.kt:50)
	at org.jetbrains.kotlin.backend.jvm.codegen.ClassCodegen.generateMethodNode(ClassCodegen.kt:428)
	at org.jetbrains.kotlin.backend.jvm.codegen.ClassCodegen.generateMethod(ClassCodegen.kt:445)
	at org.jetbrains.kotlin.backend.jvm.codegen.ClassCodegen.generate(ClassCodegen.kt:168)
	at org.jetbrains.kotlin.backend.jvm.JvmIrCodegenFactory.generateFile(JvmIrCodegenFactory.kt:467)
	at org.jetbrains.kotlin.backend.jvm.JvmIrCodegenFactory.invokeCodegen(JvmIrCodegenFactory.kt:433)
	at org.jetbrains.kotlin.cli.jvm.compiler.KotlinToJVMBytecodeCompiler.runCodegen$cli(KotlinToJVMBytecodeCompiler.kt:409)
	at org.jetbrains.kotlin.cli.pipeline.jvm.JvmBackendPipelinePhase.executePhase(JvmBackendPipelinePhase.kt:89)
	at org.jetbrains.kotlin.cli.pipeline.jvm.JvmBackendPipelinePhase.executePhase(JvmBackendPipelinePhase.kt:27)
	at org.jetbrains.kotlin.cli.pipeline.PipelinePhase.phaseBody(PipelinePhase.kt:68)
	at org.jetbrains.kotlin.cli.pipeline.PipelinePhase.phaseBody(PipelinePhase.kt:58)
	at org.jetbrains.kotlin.config.phaser.NamedCompilerPhase.invoke(CompilerPhase.kt:102)
	at org.jetbrains.kotlin.backend.common.phaser.CompositePhase.invoke(PhaseBuilders.kt:22)
	at org.jetbrains.kotlin.config.phaser.CompilerPhaseKt.invokeToplevel(CompilerPhase.kt:53)
	at org.jetbrains.kotlin.cli.pipeline.AbstractCliPipeline.runPhasedPipeline(AbstractCliPipeline.kt:109)
	at org.jetbrains.kotlin.cli.pipeline.AbstractCliPipeline.execute(AbstractCliPipeline.kt:68)
	at org.jetbrains.kotlin.cli.jvm.K2JVMCompiler.doExecutePhased(K2JVMCompiler.kt:51)
	at org.jetbrains.kotlin.cli.jvm.K2JVMCompiler.doExecutePhased(K2JVMCompiler.kt:42)
	at org.jetbrains.kotlin.cli.common.CLICompiler.execImpl(CLICompiler.kt:91)
	at org.jetbrains.kotlin.cli.common.CLICompiler.exec(CLICompiler.kt:363)
	at org.jetbrains.kotlin.incremental.IncrementalJvmCompilerRunnerBase.runCompiler(IncrementalJvmCompilerRunnerBase.kt:210)
	at org.jetbrains.kotlin.incremental.IncrementalJvmCompilerRunnerBase.runCompiler(IncrementalJvmCompilerRunnerBase.kt:52)
	at org.jetbrains.kotlin.incremental.IncrementalCompilerRunner.doCompile(IncrementalCompilerRunner.kt:510)
	at org.jetbrains.kotlin.incremental.IncrementalCompilerRunner.compileImpl(IncrementalCompilerRunner.kt:422)
	at org.jetbrains.kotlin.incremental.IncrementalCompilerRunner.tryCompileIncrementally$lambda$0$compile(IncrementalCompilerRunner.kt:252)
	at org.jetbrains.kotlin.incremental.IncrementalCompilerRunner.tryCompileIncrementally(IncrementalCompilerRunner.kt:270)
	at org.jetbrains.kotlin.incremental.IncrementalCompilerRunner.compile(IncrementalCompilerRunner.kt:122)
	at org.jetbrains.kotlin.daemon.CompileServiceImplBase.execIncrementalCompiler(CompileServiceImpl.kt:764)
	at org.jetbrains.kotlin.daemon.CompileServiceImplBase.access$execIncrementalCompiler(CompileServiceImpl.kt:107)
	at org.jetbrains.kotlin.daemon.CompileServiceImpl.compile(CompileServiceImpl.kt:2026)
	at java.base/jdk.internal.reflect.NativeMethodAccessorImpl.invoke0(Native Method)
	at java.base/jdk.internal.reflect.NativeMethodAccessorImpl.invoke(NativeMethodAccessorImpl.java:77)
	at java.base/jdk.internal.reflect.DelegatingMethodAccessorImpl.invoke(DelegatingMethodAccessorImpl.java:43)
	at java.base/java.lang.reflect.Method.invoke(Method.java:569)
	at java.rmi/sun.rmi.server.UnicastServerRef.dispatch(UnicastServerRef.java:360)
	at java.rmi/sun.rmi.transport.Transport$1.run(Transport.java:200)
	at java.rmi/sun.rmi.transport.Transport$1.run(Transport.java:197)
	at java.base/java.security.AccessController.doPrivileged(AccessController.java:712)
	at java.rmi/sun.rmi.transport.Transport.serviceCall(Transport.java:196)
	at java.rmi/sun.rmi.transport.tcp.TCPTransport.handleMessages(TCPTransport.java:587)
	at java.rmi/sun.rmi.transport.tcp.TCPTransport$ConnectionHandler.run0(TCPTransport.java:828)
	at java.rmi/sun.rmi.transport.tcp.TCPTransport$ConnectionHandler.lambda$run$0(TCPTransport.java:705)
	at java.base/java.security.AccessController.doPrivileged(AccessController.java:399)
	at java.rmi/sun.rmi.transport.tcp.TCPTransport$ConnectionHandler.run(TCPTransport.java:704)
	at java.base/java.util.concurrent.ThreadPoolExecutor.runWorker(ThreadPoolExecutor.java:1136)
	at java.base/java.util.concurrent.ThreadPoolExecutor$Worker.run(ThreadPoolExecutor.java:635)
	at java.base/java.lang.Thread.run(Thread.java:840)
Caused by: java.lang.RuntimeException: Exception while generating code for:
FUN INLINE_LAMBDA name:loadSystemData$lambda$0 visibility:private modality:FINAL returnType:kotlin.Any? [suspend]
  VALUE_PARAMETER CONTINUATION_CLASS kind:Regular name:$completion index:0 type:kotlin.coroutines.Continuation<com.m57.hermescontrol.data.remote.NetworkResult<com.m57.hermescontrol.data.model.SystemStatsResponse>>
  BLOCK_BODY
    VAR name:$i$a$-safeLaunchLoad-SystemViewModel$loadSystemData$1 type:kotlin.Int [val]
      CONST Int type=kotlin.Int value=0
    RETURN type=kotlin.Nothing from='private final fun loadSystemData$lambda$0 ($completion: kotlin.coroutines.Continuation<com.m57.hermescontrol.data.remote.NetworkResult<com.m57.hermescontrol.data.model.SystemStatsResponse>>): kotlin.Any? [suspend] declared in com.m57.hermescontrol.ui.system.SystemViewModel.loadSystemData'
      TYPE_OP type=com.m57.hermescontrol.data.remote.NetworkResult<com.m57.hermescontrol.data.model.SystemStatsResponse> origin=IMPLICIT_CAST typeOperand=com.m57.hermescontrol.data.remote.NetworkResult<com.m57.hermescontrol.data.model.SystemStatsResponse>
        CALL 'public final fun safeApiCall$default <T> (retries: kotlin.Int, call: kotlin.coroutines.SuspendFunction0<retrofit2.Response<T of com.m57.hermescontrol.data.remote.NetworkResultKt.safeApiCall$default>>, $completion: kotlin.coroutines.Continuation<com.m57.hermescontrol.data.remote.NetworkResult<T of com.m57.hermescontrol.data.remote.NetworkResultKt.safeApiCall$default>>, $mask0: kotlin.Int, $handler: kotlin.Any?): kotlin.Any? [inline,suspend] declared in com.m57.hermescontrol.data.remote.NetworkResultKt' type=com.m57.hermescontrol.data.remote.NetworkResult<T of com.m57.hermescontrol.data.remote.NetworkResultKt.safeApiCall$default> origin=DEFAULT_DISPATCH_CALL
          TYPE_ARG T: com.m57.hermescontrol.data.model.SystemStatsResponse
          ARG retries: COMPOSITE type=kotlin.Int origin=DEFAULT_VALUE
            CONST Int type=kotlin.Int value=0
          ARG call: RICH_FUNCTION_REFERENCE type=kotlin.coroutines.SuspendFunction0<retrofit2.Response<com.m57.hermescontrol.data.model.SystemStatsResponse>> origin=INLINE_LAMBDA reflectionTarget='null'
            overriddenFunctionSymbol: public abstract fun invoke (): R of kotlin.coroutines.SuspendFunction0 [suspend,operator] declared in kotlin.coroutines.SuspendFunction0
            invoke: FUN INLINE_LAMBDA name:loadSystemData$lambda$0$0 visibility:private modality:FINAL returnType:kotlin.Any? [suspend]
              VALUE_PARAMETER CONTINUATION_CLASS kind:Regular name:$completion index:0 type:kotlin.coroutines.Continuation<retrofit2.Response<com.m57.hermescontrol.data.model.SystemStatsResponse>>
              BLOCK_BODY
                VAR name:$i$a$-safeApiCall$default-SystemViewModel$loadSystemData$1$1 type:kotlin.Int [val]
                  CONST Int type=kotlin.Int value=0
                RETURN type=kotlin.Nothing from='private final fun loadSystemData$lambda$0$0 ($completion: kotlin.coroutines.Continuation<retrofit2.Response<com.m57.hermescontrol.data.model.SystemStatsResponse>>): kotlin.Any? [suspend] declared in com.m57.hermescontrol.ui.system.SystemViewModel.loadSystemData.loadSystemData$lambda$0'
                  CALL 'public abstract fun getSystemStats ($completion: kotlin.coroutines.Continuation<retrofit2.Response<com.m57.hermescontrol.data.model.SystemStatsResponse>>): kotlin.Any? [suspend] declared in com.m57.hermescontrol.data.remote.HermesApiService' type=retrofit2.Response<com.m57.hermescontrol.data.model.SystemStatsResponse> origin=null
                    ARG <this>: CALL 'public final fun <get-hermesApi> (): com.m57.hermescontrol.data.remote.HermesApiService declared in com.m57.hermescontrol.data.remote.ApiClient' type=com.m57.hermescontrol.data.remote.HermesApiService origin=GET_PROPERTY
                      ARG <this>: GET_FIELD 'FIELD FIELD_FOR_OBJECT_INSTANCE name:INSTANCE type:com.m57.hermescontrol.data.remote.ApiClient visibility:public [final,static] declared in com.m57.hermescontrol.data.remote.ApiClient' type=com.m57.hermescontrol.data.remote.ApiClient origin=null
                    ARG $completion: COMPOSITE type=kotlin.coroutines.Continuation<retrofit2.Response<com.m57.hermescontrol.data.model.SystemStatsResponse>> origin=FAKE_CONTINUATION
          ARG $completion: COMPOSITE type=kotlin.coroutines.Continuation<com.m57.hermescontrol.data.remote.NetworkResult<T of com.m57.hermescontrol.data.remote.NetworkResultKt.safeApiCall$default>> origin=FAKE_CONTINUATION
          ARG $mask0: CONST Int type=kotlin.Int value=1
          ARG $handler: CONST Null type=kotlin.Any? value=null

	at org.jetbrains.kotlin.backend.jvm.codegen.FunctionCodegen.generate(FunctionCodegen.kt:57)
	at org.jetbrains.kotlin.backend.jvm.codegen.IrSourceCompilerForInline.generateLambdaBody(IrSourceCompilerForInline.kt:72)
	at org.jetbrains.kotlin.codegen.inline.ExpressionLambda.generateLambdaBody(LambdaInfo.kt:75)
	at org.jetbrains.kotlin.backend.jvm.codegen.IrInlineCodegen.genValueAndPut(IrInlineCodegen.kt:121)
	at org.jetbrains.kotlin.backend.jvm.codegen.ExpressionCodegen.visitCall$handleParameter(ExpressionCodegen.kt:534)
	at org.jetbrains.kotlin.backend.jvm.codegen.ExpressionCodegen.visitCall(ExpressionCodegen.kt:547)
	at org.jetbrains.kotlin.backend.jvm.codegen.ExpressionCodegen.visitCall(ExpressionCodegen.kt:140)
	at org.jetbrains.kotlin.ir.expressions.IrCall.accept(IrCall.kt:24)
	at org.jetbrains.kotlin.backend.jvm.codegen.ExpressionCodegen.visitStatementContainer(ExpressionCodegen.kt:491)
	at org.jetbrains.kotlin.backend.jvm.codegen.ExpressionCodegen.visitBlockBody(ExpressionCodegen.kt:496)
	at org.jetbrains.kotlin.backend.jvm.codegen.ExpressionCodegen.visitBlockBody(ExpressionCodegen.kt:140)
	at org.jetbrains.kotlin.ir.expressions.IrBlockBody.accept(IrBlockBody.kt:20)
	at org.jetbrains.kotlin.backend.jvm.codegen.ExpressionCodegen.generate(ExpressionCodegen.kt:233)
	at org.jetbrains.kotlin.backend.jvm.codegen.FunctionCodegen.doGenerate(FunctionCodegen.kt:135)
	at org.jetbrains.kotlin.backend.jvm.codegen.FunctionCodegen.generate(FunctionCodegen.kt:54)
	... 47 more
Caused by: org.jetbrains.kotlin.codegen.CompilationException: Back-end (JVM) Internal error: Couldn't inline method call: CALL 'public final fun safeApiCall$default <T> (retries: kotlin.Int, call: kotlin.coroutines.SuspendFunction0<retrofit2.Response<T of com.m57.hermescontrol.data.remote.NetworkResultKt.safeApiCall$default>>, $completion: kotlin.coroutines.Continuation<com.m57.hermescontrol.data.remote.NetworkResult<T of com.m57.hermescontrol.data.remote.NetworkResultKt.safeApiCall$default>>, $mask0: kotlin.Int, $handler: kotlin.Any?): kotlin.Any? [inline,suspend] declared in com.m57.hermescontrol.data.remote.NetworkResultKt' type=com.m57.hermescontrol.data.remote.NetworkResult<T of com.m57.hermescontrol.data.remote.NetworkResultKt.safeApiCall$default> origin=DEFAULT_DISPATCH_CALL
Method: null
File is unknown
The root cause java.io.FileNotFoundException was thrown at: java.base/java.io.FileInputStream.open0(Native Method)
	at org.jetbrains.kotlin.backend.jvm.codegen.IrInlineCodegen.genInlineCall(IrInlineCodegen.kt:81)
	at org.jetbrains.kotlin.backend.jvm.codegen.IrInlineCallGenerator.genCall(IrInlineCallGenerator.kt:36)
	at org.jetbrains.kotlin.backend.jvm.codegen.ExpressionCodegen.visitCall(ExpressionCodegen.kt:562)
	at org.jetbrains.kotlin.backend.jvm.codegen.ExpressionCodegen.visitCall(ExpressionCodegen.kt:140)
	at org.jetbrains.kotlin.ir.expressions.IrCall.accept(IrCall.kt:24)
	at org.jetbrains.kotlin.backend.jvm.codegen.ExpressionCodegen.visitTypeOperator(ExpressionCodegen.kt:1044)
	at org.jetbrains.kotlin.backend.jvm.codegen.ExpressionCodegen.visitTypeOperator(ExpressionCodegen.kt:140)
	at org.jetbrains.kotlin.ir.expressions.IrTypeOperatorCall.accept(IrTypeOperatorCall.kt:26)
	at org.jetbrains.kotlin.backend.jvm.codegen.ExpressionCodegen.visitReturn(ExpressionCodegen.kt:968)
	at org.jetbrains.kotlin.backend.jvm.codegen.ExpressionCodegen.visitReturn(ExpressionCodegen.kt:140)
	at org.jetbrains.kotlin.ir.expressions.IrReturn.accept(IrReturn.kt:24)
	at org.jetbrains.kotlin.backend.jvm.codegen.ExpressionCodegen.visitStatementContainer(ExpressionCodegen.kt:491)
	at org.jetbrains.kotlin.backend.jvm.codegen.ExpressionCodegen.visitBlockBody(ExpressionCodegen.kt:496)
	at org.jetbrains.kotlin.backend.jvm.codegen.ExpressionCodegen.visitBlockBody(ExpressionCodegen.kt:140)
	at org.jetbrains.kotlin.ir.expressions.IrBlockBody.accept(IrBlockBody.kt:20)
	at org.jetbrains.kotlin.backend.jvm.codegen.ExpressionCodegen.generate(ExpressionCodegen.kt:233)
	at org.jetbrains.kotlin.backend.jvm.codegen.FunctionCodegen.doGenerate(FunctionCodegen.kt:135)
	at org.jetbrains.kotlin.backend.jvm.codegen.FunctionCodegen.generate(FunctionCodegen.kt:54)
	... 61 more
Caused by: java.io.FileNotFoundException: /home/m57/Projects/hermes-mobile/app/build/intermediates/built_in_kotlinc/debug/compileDebugKotlin/classes/com/m57/hermescontrol/data/remote/NetworkResultKt.class (No such file or directory)
	at java.base/java.io.FileInputStream.open0(Native Method)
	at java.base/java.io.FileInputStream.open(FileInputStream.java:216)
	at java.base/java.io.FileInputStream.<init>(FileInputStream.java:157)
	at org.jetbrains.kotlin.com.intellij.openapi.util.io.FileUtil.loadFileBytes(FileUtil.java:188)
	at org.jetbrains.kotlin.cli.common.localfs.KotlinLocalVirtualFile.contentsToByteArray(KotlinLocalVirtualFile.kt:108)
	at org.jetbrains.kotlin.codegen.inline.SourceCompilerForInlineKt.loadCompiledInlineFunction$lambda$0$0(SourceCompilerForInline.kt:95)
	at org.jetbrains.kotlin.codegen.inline.InlineCache.computeClassBytes(InlineCache.kt:82)
	at org.jetbrains.kotlin.codegen.inline.SourceCompilerForInlineKt.loadCompiledInlineFunction$lambda$0(SourceCompilerForInline.kt:94)
	at org.jetbrains.kotlin.codegen.inline.InlineCache.computeMethodBytes(InlineCache.kt:90)
	at org.jetbrains.kotlin.codegen.inline.SourceCompilerForInlineKt.loadCompiledInlineFunction(SourceCompilerForInline.kt:93)
	at org.jetbrains.kotlin.backend.jvm.codegen.IrSourceCompilerForInline.compileInlineFunction(IrSourceCompilerForInline.kt:96)
	at org.jetbrains.kotlin.backend.jvm.codegen.IrInlineCodegen.genInlineCall(IrInlineCodegen.kt:64)
	... 78 more


error message: Daemon compilation failed

